<?xml version="1.0" encoding="UTF-8"?>
<testsuite xmlns:xsi="http://www.w3.org/2001/XMLSchema-instance" xsi:noNamespaceSchemaLocation="https://maven.apache.org/surefire/maven-surefire-plugin/xsd/surefire-test-report-3.0.xsd" version="3.0" name="net.bytebuddy.asm.AdviceAnnotationTest" time="0.005" tests="42" errors="0" skipped="0" failures="0">
  <properties>
[...]
</properties>
  <testcase name="testDocumented[0]" classname="net.bytebuddy.asm.AdviceAnnotationTest" time="0"/>
  <testcase name="testVisible[0]" classname="net.bytebuddy.asm.AdviceAnnotationTest" time="0"/>
  <testcase name="testTarget[0]" classname="net.bytebuddy.asm.AdviceAnnotationTest" time="0"/>
  <testcase name="testDocumented[1]" classname="net.bytebuddy.asm.AdviceAnnotationTest" time="0"/>
  <testcase name="testVisible[1]" classname="net.bytebuddy.asm.AdviceAnnotationTest" time="0"/>
  <testcase name="testTarget[1]" classname="net.bytebuddy.asm.AdviceAnnotationTest" time="0"/>
  <testcase name="testDocumented[2]" classname="net.bytebuddy.asm.AdviceAnnotationTest" time="0"/>
  <testcase name="testVisible[2]" classname="net.bytebuddy.asm.AdviceAnnotationTest" time="0"/>
  <testcase name="testTarget[2]" classname="net.bytebuddy.asm.AdviceAnnotationTest" time="0"/>
  <testcase name="testDocumented[3]" classname="net.bytebuddy.asm.AdviceAnnotationTest" time="0"/>
  <testcase name="testVisible[3]" classname="net.bytebuddy.asm.AdviceAnnotationTest" time="0"/>
  <testcase name="testTarget[3]" classname="net.bytebuddy.asm.AdviceAnnotationTest" time="0.001"/>
  <testcase name="testDocumented[4]" classname="net.bytebuddy.asm.AdviceAnnotationTest" time="0"/>
  <testcase name="testVisible[4]" classname="net.bytebuddy.asm.AdviceAnnotationTest" time="0"/>
  <testcase name="testTarget[4]" classname="net.bytebuddy.asm.AdviceAnnotationTest" time="0"/>
  <testcase name="testDocumented[5]" classname="net.bytebuddy.asm.AdviceAnnotationTest" time="0"/>
  <testcase name="testVisible[5]" classname="net.bytebuddy.asm.AdviceAnnotationTest" time="0"/>
  <testcase name="testTarget[5]" classname="net.bytebuddy.asm.AdviceAnnotationTest" time="0"/>
  <testcase name="testDocumented[6]" classname="net.bytebuddy.asm.AdviceAnnotationTest" time="0"/>
  <testcase name="testVisible[6]" classname="net.bytebuddy.asm.AdviceAnnotationTest" time="0"/>
  <testcase name="testTarget[6]" classname="net.bytebuddy.asm.AdviceAnnotationTest" time="0"/>
  <testcase name="testDocumented[7]" classname="net.bytebuddy.asm.AdviceAnnotationTest" time="0"/>
  <testcase name="testVisible[7]" classname="net.bytebuddy.asm.AdviceAnnotationTest" time="0"/>
  <testcase name="testTarget[7]" classname="net.bytebuddy.asm.AdviceAnnotationTest" time="0.001"/>
  <testcase name="testDocumented[8]" classname="net.bytebuddy.asm.AdviceAnnotationTest" time="0"/>
  <testcase name="testVisible[8]" classname="net.bytebuddy.asm.AdviceAnnotationTest" time="0"/>
  <testcase name="testTarget[8]" classname="net.bytebuddy.asm.AdviceAnnotationTest" time="0"/>
  <testcase name="testDocumented[9]" classname="net.bytebuddy.asm.AdviceAnnotationTest" time="0"/>
  <testcase name="testVisible[9]" classname="net.bytebuddy.asm.AdviceAnnotationTest" time="0"/>
  <testcase name="testTarget[9]" classname="net.bytebuddy.asm.AdviceAnnotationTest" time="0"/>
  <testcase name="testDocumented[10]" classname="net.bytebuddy.asm.AdviceAnnotationTest" time="0"/>
  <testcase name="testVisible[10]" classname="net.bytebuddy.asm.AdviceAnnotationTest" time="0"/>
  <testcase name="testTarget[10]" classname="net.bytebuddy.asm.AdviceAnnotationTest" time="0"/>
  <testcase name="testDocumented[11]" classname="net.bytebuddy.asm.AdviceAnnotationTest" time="0"/>
  <testcase name="testVisible[11]" classname="net.bytebuddy.asm.AdviceAnnotationTest" time="0"/>
  <testcase name="testTarget[11]" classname="net.bytebuddy.asm.AdviceAnnotationTest" time="0"/>
  <testcase name="testDocumented[12]" classname="net.bytebuddy.asm.AdviceAnnotationTest" time="0"/>
  <testcase name="testVisible[12]" classname="net.bytebuddy.asm.AdviceAnnotationTest" time="0"/>
  <testcase name="testTarget[12]" classname="net.bytebuddy.asm.AdviceAnnotationTest" time="0"/>
  <testcase name="testDocumented[13]" classname="net.bytebuddy.asm.AdviceAnnotationTest" time="0"/>
  <testcase name="testVisible[13]" classname="net.bytebuddy.asm.AdviceAnnotationTest" time="0"/>
  <testcase name="testTarget[13]" classname="net.bytebuddy.asm.AdviceAnnotationTest" time="0"/>
</testsuite>